{
  "RSpec": {
    "coverage": {
      "/home/andela/Projects/Ruby/news_app_api/config/environment.rb": [
        null,
        1,
        null,
        null,
        1
      ],
      "/home/andela/Projects/Ruby/news_app_api/config/application.rb": [
        1,
        null,
        1,
        null,
        1,
        1,
        1,
        1,
        1,
        1,
        1,
        1,
        1,
        null,
        null,
        null,
        null,
        1,
        null,
        1,
        1,
        null,
        1,
        null,
        null,
        null,
        null,
        null,
        null,
        null,
        null,
        null,
        1,
        1,
        null,
        null,
        1,
        1,
        1,
        1,
        null,
        null
      ],
      "/home/andela/Projects/Ruby/news_app_api/config/boot.rb": [
        1,
        null,
        1,
        1
      ],
      "/home/andela/Projects/Ruby/news_app_api/config/environments/test.rb": [
        1,
        null,
        null,
        null,
        null,
        null,
        null,
        1,
        null,
        null,
        null,
        null,
        1,
        null,
        null,
        1,
        1,
        null,
        null,
        null,
        null,
        1,
        1,
        null,
        null,
        1,
        null,
        null,
        1,
        null,
        null,
        1,
        null,
        1,
        null,
        null,
        null,
        null,
        1,
        null,
        null,
        1,
        null,
        null,
        null,
        null,
        1,
        null
      ],
      "/home/andela/Projects/Ruby/news_app_api/config/initializers/active_admin.rb": [
        1,
        null,
        null,
        null,
        null,
        null,
        1,
        null,
        null,
        null,
        null,
        null,
        null,
        null,
        null,
        null,
        null,
        null,
        null,
        null,
        null,
        null,
        null,
        null,
        null,
        null,
        null,
        null,
        null,
        null,
        null,
        null,
        null,
        null,
        null,
        null,
        null,
        null,
        null,
        null,
        null,
        null,
        null,
        null,
        null,
        null,
        null,
        null,
        null,
        null,
        null,
        null,
        null,
        null,
        null,
        null,
        1,
        null,
        null,
        null,
        null,
        null,
        null,
        null,
        null,
        null,
        null,
        null,
        null,
        null,
        null,
        null,
        null,
        null,
        null,
        null,
        null,
        null,
        null,
        null,
        null,
        null,
        null,
        null,
        null,
        null,
        null,
        null,
        1,
        null,
        null,
        null,
        null,
        null,
        null,
        null,
        null,
        null,
        null,
        null,
        1,
        null,
        null,
        null,
        null,
        null,
        null,
        null,
        null,
        null,
        null,
        null,
        null,
        null,
        null,
        null,
        null,
        null,
        null,
        null,
        null,
        null,
        null,
        null,
        null,
        null,
        null,
        null,
        null,
        null,
        null,
        null,
        null,
        null,
        null,
        null,
        null,
        null,
        null,
        null,
        1,
        null,
        null,
        null,
        null,
        null,
        null,
        null,
        null,
        null,
        null,
        null,
        null,
        null,
        null,
        1,
        null,
        null,
        null,
        null,
        null,
        null,
        null,
        null,
        null,
        null,
        null,
        null,
        null,
        null,
        null,
        null,
        null,
        null,
        null,
        null,
        null,
        null,
        null,
        null,
        null,
        null,
        null,
        null,
        null,
        null,
        null,
        null,
        null,
        null,
        null,
        null,
        null,
        null,
        null,
        null,
        null,
        null,
        null,
        null,
        null,
        null,
        null,
        null,
        null,
        null,
        null,
        null,
        null,
        null,
        null,
        null,
        null,
        null,
        null,
        null,
        null,
        null,
        null,
        null,
        null,
        null,
        null,
        null,
        null,
        null,
        null,
        null,
        null,
        null,
        null,
        null,
        null,
        null,
        null,
        null,
        null,
        null,
        null,
        null,
        null,
        null,
        null,
        null,
        null,
        null,
        null,
        null,
        null,
        null,
        null,
        null,
        null,
        null,
        null,
        null,
        null,
        null,
        null,
        null,
        null,
        null,
        null,
        null,
        null,
        null,
        null,
        null,
        null,
        null,
        null,
        null,
        null,
        null,
        null,
        null,
        null,
        null,
        null,
        null,
        null,
        null,
        null,
        null,
        null,
        null,
        null,
        null,
        null,
        null,
        null,
        null,
        null
      ],
      "/home/andela/Projects/Ruby/news_app_api/config/initializers/application_controller_renderer.rb": [
        null,
        null,
        null,
        null,
        null,
        null,
        null,
        null
      ],
      "/home/andela/Projects/Ruby/news_app_api/config/initializers/backtrace_silencers.rb": [
        null,
        null,
        null,
        null,
        null,
        null,
        null
      ],
      "/home/andela/Projects/Ruby/news_app_api/config/initializers/cors.rb": [
        null,
        null,
        null,
        null,
        null,
        null,
        null,
        null,
        null,
        null,
        null,
        null,
        null,
        null,
        null,
        null
      ],
      "/home/andela/Projects/Ruby/news_app_api/config/initializers/devise.rb": [
        null,
        null,
        null,
        null,
        1,
        null,
        null,
        null,
        null,
        null,
        null,
        null,
        null,
        null,
        null,
        null,
        null,
        null,
        null,
        null,
        1,
        null,
        null,
        null,
        null,
        null,
        null,
        null,
        null,
        null,
        null,
        null,
        1,
        null,
        null,
        null,
        null,
        null,
        null,
        null,
        null,
        null,
        null,
        null,
        null,
        null,
        null,
        null,
        null,
        null,
        null,
        null,
        null,
        null,
        1,
        null,
        null,
        null,
        null,
        1,
        null,
        null,
        null,
        null,
        null,
        null,
        null,
        null,
        null,
        null,
        null,
        null,
        null,
        null,
        null,
        null,
        null,
        null,
        null,
        null,
        null,
        null,
        null,
        null,
        null,
        null,
        null,
        null,
        null,
        null,
        1,
        null,
        null,
        null,
        null,
        null,
        null,
        null,
        null,
        null,
        null,
        null,
        null,
        null,
        null,
        null,
        null,
        null,
        null,
        null,
        null,
        null,
        null,
        1,
        null,
        null,
        null,
        null,
        null,
        null,
        null,
        null,
        null,
        null,
        null,
        null,
        null,
        null,
        null,
        null,
        null,
        null,
        null,
        null,
        null,
        null,
        null,
        null,
        null,
        null,
        null,
        null,
        null,
        null,
        1,
        null,
        null,
        null,
        null,
        null,
        null,
        null,
        null,
        null,
        1,
        null,
        null,
        null,
        null,
        null,
        null,
        null,
        null,
        null,
        null,
        1,
        null,
        null,
        null,
        null,
        1,
        null,
        null,
        null,
        null,
        null,
        null,
        null,
        null,
        null,
        null,
        null,
        null,
        null,
        null,
        null,
        null,
        null,
        null,
        null,
        null,
        null,
        null,
        null,
        null,
        null,
        null,
        null,
        null,
        null,
        null,
        null,
        null,
        null,
        null,
        null,
        null,
        null,
        null,
        null,
        null,
        1,
        null,
        null,
        null,
        null,
        null,
        null,
        null,
        null,
        null,
        null,
        null,
        null,
        null,
        null,
        null,
        null,
        null,
        null,
        null,
        null,
        null,
        null,
        null,
        null,
        null,
        null,
        null,
        null,
        null,
        null,
        null,
        null,
        null,
        null,
        null,
        null,
        null,
        null,
        null,
        null,
        null,
        1,
        null,
        null,
        null,
        null,
        null,
        null,
        null,
        null,
        null,
        null,
        null,
        null,
        null,
        null,
        null,
        null,
        null,
        null,
        null,
        null,
        null,
        null,
        null,
        null,
        null,
        null,
        null,
        null,
        null,
        null,
        null,
        null,
        null,
        null,
        null,
        null,
        null,
        1,
        1,
        1,
        1,
        null,
        null,
        1,
        null,
        null,
        1,
        null,
        null
      ],
      "/home/andela/Projects/Ruby/news_app_api/config/initializers/filter_parameter_logging.rb": [
        null,
        null,
        null,
        1
      ],
      "/home/andela/Projects/Ruby/news_app_api/config/initializers/inflections.rb": [
        null,
        null,
        null,
        null,
        null,
        null,
        null,
        null,
        null,
        null,
        null,
        null,
        null,
        null,
        null,
        null
      ],
      "/home/andela/Projects/Ruby/news_app_api/config/initializers/mime_types.rb": [
        null,
        null,
        null,
        null
      ],
      "/home/andela/Projects/Ruby/news_app_api/config/initializers/rolify.rb": [
        1,
        null,
        null,
        null,
        null,
        null,
        null,
        null,
        null,
        null
      ],
      "/home/andela/Projects/Ruby/news_app_api/config/initializers/wrap_parameters.rb": [
        null,
        null,
        null,
        null,
        null,
        null,
        1,
        2,
        null,
        null,
        null,
        null,
        null,
        null
      ],
      "/home/andela/Projects/Ruby/news_app_api/spec/factories/admin_users.rb": [
        1,
        1,
        null,
        null,
        null
      ],
      "/home/andela/Projects/Ruby/news_app_api/spec/factories/v1/industries.rb": [
        1,
        1,
        146,
        146,
        146,
        146,
        null,
        null
      ],
      "/home/andela/Projects/Ruby/news_app_api/spec/factories/v1/main_sectors.rb": [
        1,
        1,
        178,
        null,
        null
      ],
      "/home/andela/Projects/Ruby/news_app_api/spec/factories/v1/roles.rb": [
        1,
        1,
        null,
        null,
        null
      ],
      "/home/andela/Projects/Ruby/news_app_api/spec/factories/v1/stock_locals.rb": [
        1,
        1,
        286,
        286,
        286,
        286,
        286,
        286,
        286,
        286,
        286,
        286,
        286,
        286,
        286,
        286,
        286,
        286,
        286,
        286,
        286,
        286,
        286,
        286,
        286,
        286,
        286,
        286,
        286,
        1,
        1,
        null,
        null
      ],
      "/home/andela/Projects/Ruby/news_app_api/spec/factories/v1/structure_types.rb": [
        1,
        1,
        1,
        1,
        1,
        1,
        null,
        null
      ],
      "/home/andela/Projects/Ruby/news_app_api/spec/factories/v1/structures.rb": [
        1,
        1,
        1,
        1,
        1,
        1,
        1,
        1,
        null,
        null
      ],
      "/home/andela/Projects/Ruby/news_app_api/spec/factories/v1/sub_sectors.rb": [
        1,
        1,
        336,
        1,
        null,
        null
      ],
      "/home/andela/Projects/Ruby/news_app_api/spec/factories/v1/users.rb": [
        1,
        1,
        1,
        1,
        null,
        null
      ],
      "/home/andela/Projects/Ruby/news_app_api/config/routes.rb": [
        1,
        null,
        null,
        1,
        1,
        1,
        1,
        1,
        1,
        1,
        null,
        1,
        1,
        null,
        1,
        1,
        null,
        1,
        1,
        null,
        null,
        null,
        null,
        null,
        null,
        null,
        null,
        null,
        null,
        null,
        null,
        null
      ],
      "/home/andela/Projects/Ruby/news_app_api/app/controllers/application_controller.rb": [
        null,
        null,
        null,
        1,
        1,
        null,
        null
      ],
      "/home/andela/Projects/Ruby/news_app_api/app/models/admin_user.rb": [
        1,
        null,
        null,
        1,
        null,
        null
      ],
      "/home/andela/Projects/Ruby/news_app_api/app/models/application_record.rb": [
        null,
        null,
        null,
        1,
        1,
        null
      ],
      "/home/andela/Projects/Ruby/news_app_api/app/admin/dashboard.rb": [
        1,
        null,
        1,
        null,
        1,
        0,
        0,
        0,
        0,
        null,
        null,
        null,
        null,
        null,
        null,
        null,
        null,
        null,
        null,
        null,
        null,
        null,
        null,
        null,
        null,
        null,
        null,
        null,
        null,
        null,
        null,
        null,
        null
      ],
      "/home/andela/Projects/Ruby/news_app_api/app/admin/admin_users.rb": [
        1,
        1,
        null,
        1,
        0,
        0,
        0,
        0,
        0,
        0,
        0,
        null,
        null,
        1,
        1,
        1,
        1,
        null,
        1,
        0,
        0,
        0,
        0,
        null,
        0,
        null,
        null,
        null
      ],
      "/home/andela/Projects/Ruby/news_app_api/app/models/user.rb": [
        1,
        1,
        null,
        null,
        1,
        null,
        null
      ],
      "/home/andela/Projects/Ruby/news_app_api/spec/support/request_spec_helper.rb": [
        1,
        null,
        1,
        16,
        null,
        null
      ],
      "/home/andela/Projects/Ruby/news_app_api/spec/support/database_cleaner.rb": [
        1,
        null,
        1,
        1,
        1,
        null,
        null,
        1,
        149,
        null,
        null,
        1,
        0,
        null,
        null,
        1,
        149,
        null,
        null,
        1,
        149,
        null,
        null
      ],
      "/home/andela/Projects/Ruby/news_app_api/spec/support/factorybot/attributes_for_with_foreign_keys.rb": [
        1,
        1,
        2,
        null,
        null,
        1,
        1,
        1,
        null,
        1,
        29,
        null,
        null,
        1,
        null,
        null,
        null,
        1
      ],
      "/home/andela/Projects/Ruby/news_app_api/app/controllers/api/v1/industries_controller.rb": [
        null,
        null,
        null,
        1,
        null,
        1,
        null,
        1,
        1,
        null,
        null,
        1,
        2,
        2,
        null,
        null,
        null,
        1,
        9,
        null,
        null,
        null,
        1,
        null,
        4,
        4,
        2,
        null,
        2,
        null,
        null,
        null,
        null,
        1,
        2,
        2,
        null,
        0,
        null,
        null,
        null,
        null,
        1,
        1,
        null,
        null,
        1,
        null,
        null,
        1,
        14,
        null,
        null,
        null,
        1,
        null,
        6,
        null,
        null,
        null,
        null,
        null,
        null,
        null
      ],
      "/home/andela/Projects/Ruby/news_app_api/app/controllers/api_controller.rb": [
        null,
        1,
        1,
        1,
        null,
        1,
        0,
        null,
        null,
        null,
        null,
        null,
        null,
        null,
        null,
        null,
        null,
        null,
        1,
        1,
        0,
        0,
        null,
        0,
        null,
        null,
        null
      ],
      "/home/andela/Projects/Ruby/news_app_api/app/controllers/concerns/response.rb": [
        null,
        null,
        null,
        1,
        1,
        14,
        null,
        null
      ],
      "/home/andela/Projects/Ruby/news_app_api/app/controllers/concerns/exception_handler.rb": [
        null,
        null,
        null,
        1,
        1,
        null,
        1,
        1,
        14,
        null,
        null,
        1,
        0,
        null,
        null,
        null
      ],
      "/home/andela/Projects/Ruby/news_app_api/spec/controllers/v1/main_sectors_controller_spec.rb": [
        1,
        null,
        null,
        null,
        null,
        null,
        null,
        null,
        null,
        null,
        null,
        null,
        null,
        null,
        null,
        null,
        null,
        null,
        null,
        null,
        null,
        null,
        null,
        null,
        null,
        1,
        null,
        null,
        null,
        null,
        1,
        8,
        null,
        null,
        1,
        1,
        null,
        null,
        null,
        null,
        null,
        1,
        null,
        1,
        1,
        1,
        0,
        0,
        null,
        null,
        null,
        1,
        1,
        1,
        0,
        0,
        null,
        null,
        null,
        1,
        1,
        1,
        1,
        1,
        null,
        null,
        null,
        1,
        null,
        1,
        0,
        0,
        0,
        null,
        null,
        null,
        1,
        1,
        null,
        1,
        0,
        0,
        null,
        null,
        null,
        null,
        1,
        1,
        1,
        0,
        null,
        null,
        1,
        1,
        0,
        0,
        0,
        null,
        null,
        1,
        1,
        null,
        0,
        0,
        0,
        null,
        null,
        null,
        1,
        1,
        1,
        null,
        0,
        0,
        0,
        null,
        null,
        null,
        null,
        1,
        1,
        1,
        0,
        0,
        null,
        null,
        null,
        null,
        null
      ],
      "/home/andela/Projects/Ruby/news_app_api/app/controllers/api/v1/main_sectors_controller.rb": [
        null,
        null,
        1,
        1,
        null,
        1,
        1,
        null,
        null,
        1,
        3,
        null,
        3,
        null,
        null,
        null,
        1,
        9,
        null,
        null,
        null,
        1,
        4,
        null,
        4,
        2,
        null,
        2,
        null,
        null,
        null,
        null,
        1,
        2,
        2,
        null,
        0,
        null,
        null,
        null,
        null,
        1,
        1,
        null,
        null,
        1,
        null,
        null,
        1,
        14,
        null,
        null,
        null,
        1,
        6,
        null,
        null,
        null,
        null
      ],
      "/home/andela/Projects/Ruby/news_app_api/spec/controllers/v1/stock_locals_controller_spec.rb": [
        1,
        null,
        1,
        null,
        1,
        8,
        null,
        null,
        1,
        1,
        null,
        null,
        1,
        null,
        1,
        1,
        1,
        0,
        0,
        null,
        null,
        null,
        1,
        1,
        1,
        0,
        0,
        null,
        null,
        null,
        1,
        1,
        1,
        1,
        1,
        null,
        null,
        null,
        1,
        null,
        1,
        0,
        0,
        0,
        null,
        null,
        null,
        1,
        1,
        null,
        1,
        0,
        0,
        null,
        null,
        null,
        null,
        1,
        1,
        1,
        0,
        null,
        null,
        1,
        1,
        0,
        0,
        0,
        null,
        null,
        1,
        1,
        null,
        0,
        0,
        0,
        null,
        null,
        null,
        1,
        1,
        1,
        null,
        0,
        0,
        0,
        null,
        null,
        null,
        null,
        1,
        1,
        1,
        0,
        0,
        null,
        null,
        null,
        null,
        null
      ],
      "/home/andela/Projects/Ruby/news_app_api/app/controllers/api/v1/stock_locals_controller.rb": [
        null,
        null,
        null,
        1,
        null,
        1,
        null,
        1,
        null,
        1,
        null,
        null,
        1,
        2,
        null,
        2,
        null,
        null,
        null,
        1,
        2,
        null,
        null,
        null,
        1,
        3,
        null,
        3,
        1,
        null,
        2,
        null,
        null,
        null,
        null,
        1,
        2,
        2,
        null,
        0,
        null,
        null,
        null,
        null,
        1,
        1,
        null,
        null,
        1,
        null,
        null,
        1,
        9,
        5,
        5,
        null,
        null,
        1,
        5,
        null,
        null,
        1,
        5,
        null,
        null,
        null,
        1,
        5,
        null,
        null,
        null,
        null,
        null,
        null,
        null,
        null,
        null,
        null,
        null,
        null
      ],
      "/home/andela/Projects/Ruby/news_app_api/spec/controllers/v1/structure_types_controller_spec.rb": [
        1,
        null,
        null,
        null,
        null,
        null,
        null,
        null,
        null,
        null,
        null,
        null,
        null,
        null,
        null,
        null,
        null,
        null,
        null,
        null,
        null,
        null,
        null,
        null,
        null,
        1,
        null,
        null,
        null,
        null,
        1,
        8,
        null,
        null,
        1,
        1,
        null,
        null,
        null,
        null,
        null,
        1,
        null,
        1,
        1,
        1,
        0,
        0,
        null,
        null,
        null,
        1,
        1,
        1,
        0,
        0,
        null,
        null,
        null,
        1,
        1,
        1,
        1,
        1,
        null,
        null,
        null,
        1,
        null,
        1,
        0,
        0,
        0,
        null,
        null,
        null,
        1,
        1,
        null,
        1,
        0,
        0,
        null,
        null,
        null,
        null,
        1,
        1,
        1,
        0,
        null,
        null,
        1,
        1,
        0,
        0,
        0,
        null,
        null,
        1,
        1,
        null,
        0,
        0,
        0,
        null,
        null,
        null,
        1,
        1,
        1,
        null,
        0,
        0,
        0,
        null,
        null,
        null,
        null,
        1,
        1,
        1,
        0,
        0,
        null,
        null,
        null,
        null,
        null
      ],
      "/home/andela/Projects/Ruby/news_app_api/app/controllers/api/v1/structure_types_controller.rb": [
        null,
        1,
        null,
        1,
        1,
        1,
        null,
        null,
        1,
        1,
        null,
        1,
        null,
        null,
        null,
        1,
        0,
        null,
        null,
        null,
        1,
        0,
        null,
        0,
        0,
        null,
        0,
        null,
        null,
        null,
        null,
        1,
        0,
        0,
        null,
        0,
        null,
        null,
        null,
        null,
        1,
        0,
        null,
        null,
        1,
        null,
        1,
        0,
        null,
        null,
        null,
        1,
        0,
        null,
        null,
        null,
        null
      ],
      "/home/andela/Projects/Ruby/news_app_api/spec/controllers/v1/structures_controller_spec.rb": [
        1,
        null,
        1,
        1,
        2,
        null,
        null,
        1,
        0,
        null,
        null,
        null,
        1,
        null,
        1,
        1,
        1,
        0,
        0,
        null,
        null,
        null,
        1,
        1,
        1,
        0,
        0,
        null,
        null,
        null,
        null
      ],
      "/home/andela/Projects/Ruby/news_app_api/app/controllers/api/v1/structures_controller.rb": [
        null,
        1,
        null,
        1,
        null,
        1,
        null,
        1,
        null,
        null,
        1,
        null,
        null,
        null,
        null
      ],
      "/home/andela/Projects/Ruby/news_app_api/spec/controllers/v1/sub_sectors_controller_spec.rb": [
        1,
        null,
        null,
        null,
        null,
        null,
        null,
        null,
        null,
        null,
        null,
        null,
        null,
        null,
        null,
        null,
        null,
        null,
        null,
        null,
        null,
        null,
        null,
        null,
        null,
        1,
        null,
        null,
        null,
        null,
        1,
        8,
        null,
        null,
        1,
        1,
        null,
        null,
        null,
        null,
        null,
        1,
        null,
        1,
        1,
        1,
        0,
        0,
        null,
        null,
        null,
        1,
        1,
        1,
        0,
        0,
        null,
        null,
        null,
        1,
        1,
        1,
        1,
        1,
        null,
        null,
        null,
        1,
        null,
        1,
        0,
        0,
        0,
        null,
        null,
        null,
        1,
        1,
        null,
        1,
        0,
        0,
        null,
        null,
        null,
        null,
        1,
        1,
        1,
        0,
        null,
        null,
        1,
        1,
        0,
        0,
        0,
        null,
        null,
        1,
        1,
        null,
        0,
        0,
        0,
        null,
        null,
        null,
        1,
        1,
        1,
        null,
        0,
        0,
        0,
        null,
        null,
        null,
        null,
        1,
        1,
        1,
        0,
        0,
        null,
        null,
        null,
        null,
        null
      ],
      "/home/andela/Projects/Ruby/news_app_api/app/controllers/api/v1/sub_sectors_controller.rb": [
        null,
        null,
        1,
        1,
        null,
        1,
        1,
        1,
        null,
        null,
        1,
        null,
        2,
        2,
        null,
        null,
        null,
        1,
        2,
        null,
        null,
        null,
        1,
        3,
        3,
        1,
        null,
        2,
        null,
        null,
        null,
        null,
        1,
        2,
        null,
        2,
        null,
        null,
        0,
        null,
        null,
        null,
        null,
        1,
        1,
        1,
        null,
        null,
        1,
        null,
        null,
        1,
        16,
        null,
        null,
        null,
        null,
        null,
        null,
        1,
        9,
        null,
        null,
        null,
        1,
        5,
        null,
        null,
        null,
        null
      ],
      "/home/andela/Projects/Ruby/news_app_api/spec/models/admin_user_spec.rb": [
        1,
        null,
        1,
        1,
        null
      ],
      "/home/andela/Projects/Ruby/news_app_api/spec/models/structure_spec.rb": [
        1,
        null,
        1,
        1,
        null
      ],
      "/home/andela/Projects/Ruby/news_app_api/app/models/structure.rb": [
        1,
        1,
        null
      ],
      "/home/andela/Projects/Ruby/news_app_api/spec/models/v1/industry_spec.rb": [
        1,
        null,
        1,
        2,
        2,
        null
      ],
      "/home/andela/Projects/Ruby/news_app_api/app/models/industry.rb": [
        null,
        null,
        null,
        1,
        1,
        null,
        1,
        null
      ],
      "/home/andela/Projects/Ruby/news_app_api/spec/models/v1/main_sector_spec.rb": [
        1,
        null,
        1,
        2,
        2,
        null
      ],
      "/home/andela/Projects/Ruby/news_app_api/app/models/main_sector.rb": [
        null,
        null,
        null,
        1,
        1,
        null,
        1,
        null
      ],
      "/home/andela/Projects/Ruby/news_app_api/spec/models/v1/role_spec.rb": [
        1,
        null,
        1,
        1,
        null
      ],
      "/home/andela/Projects/Ruby/news_app_api/app/models/role.rb": [
        1,
        1,
        null,
        null,
        1,
        null,
        null,
        null,
        null,
        1,
        null,
        null,
        null,
        1,
        null
      ],
      "/home/andela/Projects/Ruby/news_app_api/spec/models/v1/stock_local_spec.rb": [
        1,
        null,
        1,
        2,
        2,
        2,
        2,
        2,
        2,
        2,
        null,
        null
      ],
      "/home/andela/Projects/Ruby/news_app_api/app/models/stock_local.rb": [
        null,
        null,
        null,
        1,
        1,
        1,
        1,
        1,
        1,
        null
      ],
      "/home/andela/Projects/Ruby/news_app_api/spec/models/v1/structure_type_spec.rb": [
        1,
        null,
        1,
        1,
        null
      ],
      "/home/andela/Projects/Ruby/news_app_api/app/models/structure_type.rb": [
        1,
        null
      ],
      "/home/andela/Projects/Ruby/news_app_api/spec/models/v1/sub_sector_spec.rb": [
        1,
        null,
        1,
        2,
        2,
        null,
        2,
        null
      ],
      "/home/andela/Projects/Ruby/news_app_api/app/models/sub_sector.rb": [
        null,
        null,
        null,
        1,
        1,
        1,
        1,
        null
      ],
      "/home/andela/Projects/Ruby/news_app_api/spec/models/v1/user_spec.rb": [
        1,
        null,
        1,
        1,
        null
      ],
      "/home/andela/Projects/Ruby/news_app_api/spec/requests/v1/industries_spec.rb": [
        null,
        null,
        1,
        null,
        1,
        null,
        14,
        10,
        null,
        null,
        1,
        3,
        null,
        1,
        1,
        1,
        null,
        null,
        1,
        1,
        null,
        null,
        null,
        null,
        1,
        12,
        null,
        1,
        1,
        1,
        1,
        null,
        null,
        1,
        1,
        null,
        null,
        null,
        1,
        3,
        null,
        1,
        null,
        1,
        null,
        null,
        1,
        1,
        null,
        null,
        null,
        null,
        1,
        null,
        1,
        4,
        null,
        null,
        null,
        null,
        null,
        1,
        4,
        null,
        null,
        null,
        null,
        1,
        3,
        null,
        1,
        null,
        1,
        null,
        null,
        1,
        1,
        null,
        null,
        null,
        1,
        3,
        null,
        1,
        1,
        null,
        null,
        1,
        null,
        1,
        null,
        null,
        null,
        null,
        null,
        null,
        1,
        3,
        null,
        1,
        3,
        null,
        1,
        null,
        1,
        null,
        null,
        1,
        1,
        null,
        null,
        null,
        null,
        null,
        1,
        2,
        null,
        1,
        1,
        null,
        null,
        null,
        null
      ],
      "/home/andela/Projects/Ruby/news_app_api/spec/requests/v1/main_sectors_spec.rb": [
        1,
        null,
        1,
        1,
        1,
        1,
        1,
        null,
        null,
        null,
        null,
        15,
        10,
        null,
        null,
        1,
        3,
        null,
        1,
        1,
        1,
        null,
        null,
        1,
        1,
        null,
        null,
        null,
        null,
        1,
        12,
        null,
        1,
        1,
        1,
        1,
        null,
        null,
        1,
        1,
        null,
        null,
        null,
        1,
        3,
        null,
        1,
        1,
        null,
        null,
        1,
        1,
        null,
        null,
        null,
        null,
        1,
        null,
        1,
        4,
        null,
        null,
        null,
        null,
        1,
        4,
        null,
        null,
        null,
        null,
        1,
        3,
        null,
        1,
        1,
        null,
        null,
        1,
        1,
        null,
        null,
        null,
        1,
        3,
        null,
        1,
        1,
        null,
        null,
        1,
        null,
        1,
        null,
        null,
        null,
        null,
        null,
        null,
        1,
        3,
        null,
        1,
        3,
        null,
        1,
        null,
        1,
        null,
        null,
        1,
        1,
        null,
        null,
        null,
        null,
        null,
        1,
        2,
        null,
        1,
        1,
        null,
        null,
        null,
        null
      ],
      "/home/andela/Projects/Ruby/news_app_api/spec/requests/v1/stock_locals_spec.rb": [
        1,
        null,
        1,
        null,
        null,
        null,
        null,
        null,
        null,
        15,
        15,
        15,
        15,
        6,
        1,
        null,
        null,
        null,
        1,
        3,
        null,
        1,
        1,
        1,
        null,
        null,
        1,
        1,
        null,
        null,
        null,
        null,
        null,
        1,
        5,
        null,
        1,
        1,
        1,
        null,
        null,
        1,
        1,
        null,
        null,
        null,
        1,
        3,
        null,
        1,
        1,
        null,
        null,
        1,
        1,
        null,
        null,
        null,
        null,
        null,
        null,
        null,
        null,
        1,
        2,
        3,
        null,
        null,
        null,
        null,
        null,
        null,
        null,
        null,
        null,
        null,
        null,
        null,
        null,
        null,
        null,
        null,
        null,
        null,
        null,
        null,
        null,
        null,
        null,
        null,
        null,
        null,
        null,
        null,
        null,
        null,
        null,
        1,
        2,
        null,
        1,
        1,
        null,
        null,
        null,
        1,
        3,
        null,
        1,
        1,
        null,
        null,
        1,
        1,
        null,
        null,
        null,
        null,
        null,
        1,
        5,
        null,
        5,
        null,
        1,
        1,
        1,
        null,
        null,
        1,
        1,
        1,
        null,
        null,
        null,
        1,
        3,
        null,
        1,
        1,
        null,
        null,
        1,
        null,
        1,
        null,
        null,
        null,
        null,
        null,
        1,
        2,
        null,
        1,
        1,
        null,
        null,
        null
      ],
      "/home/andela/Projects/Ruby/news_app_api/spec/requests/v1/structure_types_spec.rb": [
        1,
        null,
        1,
        1,
        1,
        1,
        1,
        null,
        null,
        null
      ],
      "/home/andela/Projects/Ruby/news_app_api/spec/requests/v1/sub_sectors_spec.rb": [
        1,
        null,
        1,
        null,
        null,
        null,
        null,
        null,
        null,
        null,
        17,
        17,
        15,
        6,
        null,
        null,
        1,
        5,
        null,
        1,
        1,
        null,
        1,
        null,
        null,
        1,
        1,
        null,
        null,
        null,
        1,
        3,
        null,
        1,
        1,
        null,
        null,
        1,
        1,
        null,
        null,
        null,
        null,
        null,
        1,
        5,
        null,
        1,
        1,
        1,
        null,
        null,
        1,
        1,
        null,
        null,
        null,
        1,
        3,
        null,
        1,
        1,
        null,
        null,
        1,
        1,
        null,
        null,
        null,
        null,
        null,
        1,
        2,
        3,
        null,
        1,
        2,
        null,
        1,
        1,
        null,
        null,
        null,
        1,
        3,
        null,
        1,
        1,
        null,
        null,
        1,
        1,
        null,
        null,
        null,
        null,
        null,
        1,
        5,
        null,
        5,
        null,
        1,
        1,
        1,
        null,
        null,
        1,
        1,
        1,
        null,
        null,
        null,
        1,
        3,
        null,
        1,
        1,
        null,
        null,
        1,
        null,
        1,
        null,
        null,
        null,
        null,
        null,
        1,
        2,
        null,
        1,
        1,
        null,
        null,
        null
      ],
      "/home/andela/Projects/Ruby/news_app_api/spec/routing/v1/industries_routing_spec.rb": [
        1,
        null,
        1,
        1,
        1,
        1,
        null,
        null,
        null,
        null,
        1,
        1,
        null,
        null,
        null,
        null,
        null,
        1,
        1,
        null,
        null,
        null,
        null,
        1,
        1,
        null,
        null,
        null,
        null,
        1,
        1,
        null,
        null,
        null,
        null,
        1,
        1,
        null,
        null,
        null,
        null,
        null
      ],
      "/home/andela/Projects/Ruby/news_app_api/spec/routing/v1/main_sectors_routing_spec.rb": [
        1,
        null,
        1,
        1,
        1,
        1,
        null,
        null,
        null,
        1,
        1,
        null,
        null,
        null,
        null,
        null,
        1,
        1,
        null,
        null,
        null,
        null,
        1,
        1,
        null,
        null,
        null,
        null,
        1,
        1,
        null,
        null,
        null,
        null,
        1,
        1,
        null,
        null,
        null,
        null,
        null
      ],
      "/home/andela/Projects/Ruby/news_app_api/spec/routing/v1/stock_locals_routing_spec.rb": [
        1,
        null,
        1,
        1,
        1,
        1,
        null,
        null,
        null,
        null,
        1,
        1,
        null,
        null,
        null,
        null,
        null,
        1,
        1,
        null,
        null,
        null,
        null,
        1,
        1,
        null,
        null,
        null,
        null,
        1,
        1,
        null,
        null,
        null,
        null,
        1,
        1,
        null,
        null,
        null,
        null,
        null
      ],
      "/home/andela/Projects/Ruby/news_app_api/spec/routing/v1/structure_types_routing_spec.rb": [
        null,
        null,
        1,
        null,
        1,
        1,
        1,
        1,
        null,
        null,
        null,
        null,
        1,
        1,
        null,
        null,
        null,
        null,
        1,
        1,
        null,
        null,
        null,
        null,
        1,
        1,
        null,
        null,
        null,
        null,
        1,
        1,
        null,
        null,
        null,
        null,
        1,
        1,
        null,
        null,
        null,
        null,
        null
      ],
      "/home/andela/Projects/Ruby/news_app_api/spec/routing/v1/sub_sectors_routing_spec.rb": [
        null,
        null,
        1,
        null,
        1,
        7,
        null,
        1,
        1,
        1,
        null,
        null,
        null,
        null,
        null,
        null,
        1,
        1,
        null,
        null,
        null,
        null,
        null,
        null,
        null,
        1,
        1,
        null,
        null,
        null,
        null,
        null,
        null,
        1,
        1,
        null,
        null,
        null,
        null,
        null,
        null,
        null,
        1,
        1,
        null,
        null,
        null,
        null,
        null,
        null,
        null,
        1,
        1,
        null,
        null,
        null,
        null,
        null,
        null,
        null,
        null
      ]
    },
    "timestamp": 1545245611
  }
}
